0 info it worked if it ends with ok
1 verbose cli [ '/usr/local/bin/node',
1 verbose cli   '/usr/local/bin/npm',
1 verbose cli   'install',
1 verbose cli   '-g',
1 verbose cli   'cordova' ]
2 info using npm@2.15.9
3 info using node@v5.8.0
4 verbose install initial load of /usr/local/lib/package.json
5 verbose readDependencies loading dependencies from /usr/local/lib/package.json
6 silly cache add args [ 'cordova', null ]
7 verbose cache add spec cordova
8 silly cache add parsed spec Result {
8 silly cache add   raw: 'cordova',
8 silly cache add   scope: null,
8 silly cache add   name: 'cordova',
8 silly cache add   rawSpec: '',
8 silly cache add   spec: 'latest',
8 silly cache add   type: 'tag' }
9 silly addNamed cordova@latest
10 verbose addNamed "latest" is being treated as a dist-tag for cordova
11 info addNameTag [ 'cordova', 'latest' ]
12 silly mapToRegistry name cordova
13 silly mapToRegistry using default registry
14 silly mapToRegistry registry https://registry.npmjs.org/
15 silly mapToRegistry data Result {
15 silly mapToRegistry   raw: 'cordova',
15 silly mapToRegistry   scope: null,
15 silly mapToRegistry   name: 'cordova',
15 silly mapToRegistry   rawSpec: '',
15 silly mapToRegistry   spec: 'latest',
15 silly mapToRegistry   type: 'tag' }
16 silly mapToRegistry uri https://registry.npmjs.org/cordova
17 verbose addNameTag registry:https://registry.npmjs.org/cordova not in flight; fetching
18 verbose request uri https://registry.npmjs.org/cordova
19 verbose request no auth needed
20 info attempt registry request try #1 at 2:01:10 PM
21 verbose request id b663a0de8ec71b01
22 verbose etag W/"59a92c3c-18ca19"
23 verbose lastModified Fri, 01 Sep 2017 09:45:32 GMT
24 http request GET https://registry.npmjs.org/cordova
25 http 200 https://registry.npmjs.org/cordova
26 verbose headers { server: 'nginx/1.10.1',
26 verbose headers   'content-type': 'application/json',
26 verbose headers   'last-modified': 'Mon, 30 Oct 2017 10:21:10 GMT',
26 verbose headers   etag: 'W/"59f6fd16-1b21d4"',
26 verbose headers   'content-encoding': 'gzip',
26 verbose headers   'cache-control': 'max-age=300',
26 verbose headers   'content-length': '61240',
26 verbose headers   'accept-ranges': 'bytes',
26 verbose headers   date: 'Wed, 01 Nov 2017 13:01:10 GMT',
26 verbose headers   via: '1.1 varnish',
26 verbose headers   age: '159',
26 verbose headers   connection: 'keep-alive',
26 verbose headers   'x-served-by': 'cache-hhn1535-HHN',
26 verbose headers   'x-cache': 'HIT',
26 verbose headers   'x-cache-hits': '1',
26 verbose headers   'x-timer': 'S1509541271.704178,VS0,VE1',
26 verbose headers   vary: 'Accept-Encoding, Accept' }
27 silly get cb [ 200,
27 silly get   { server: 'nginx/1.10.1',
27 silly get     'content-type': 'application/json',
27 silly get     'last-modified': 'Mon, 30 Oct 2017 10:21:10 GMT',
27 silly get     etag: 'W/"59f6fd16-1b21d4"',
27 silly get     'content-encoding': 'gzip',
27 silly get     'cache-control': 'max-age=300',
27 silly get     'content-length': '61240',
27 silly get     'accept-ranges': 'bytes',
27 silly get     date: 'Wed, 01 Nov 2017 13:01:10 GMT',
27 silly get     via: '1.1 varnish',
27 silly get     age: '159',
27 silly get     connection: 'keep-alive',
27 silly get     'x-served-by': 'cache-hhn1535-HHN',
27 silly get     'x-cache': 'HIT',
27 silly get     'x-cache-hits': '1',
27 silly get     'x-timer': 'S1509541271.704178,VS0,VE1',
27 silly get     vary: 'Accept-Encoding, Accept' } ]
28 verbose get saving cordova to /Users/mohityadav/.npm/registry.npmjs.org/cordova/.cache.json
29 verbose correctMkdir /Users/mohityadav/.npm correctMkdir not in flight; initializing
30 silly addNameTag next cb for cordova with tag latest
31 silly addNamed cordova@7.1.0
32 verbose addNamed "7.1.0" is a plain semver version for cordova
33 silly mapToRegistry name cordova
34 silly mapToRegistry using default registry
35 silly mapToRegistry registry https://registry.npmjs.org/
36 silly mapToRegistry data Result {
36 silly mapToRegistry   raw: 'cordova',
36 silly mapToRegistry   scope: null,
36 silly mapToRegistry   name: 'cordova',
36 silly mapToRegistry   rawSpec: '',
36 silly mapToRegistry   spec: 'latest',
36 silly mapToRegistry   type: 'tag' }
37 silly mapToRegistry uri https://registry.npmjs.org/cordova
38 verbose addRemoteTarball https://registry.npmjs.org/cordova/-/cordova-7.1.0.tgz not in flight; adding
39 verbose addRemoteTarball [ 'https://registry.npmjs.org/cordova/-/cordova-7.1.0.tgz',
39 verbose addRemoteTarball   '559f5394e64145c9b6dd81800feb658d5087b096' ]
40 info retry fetch attempt 1 at 2:01:11 PM
41 info attempt registry request try #1 at 2:01:11 PM
42 http fetch GET https://registry.npmjs.org/cordova/-/cordova-7.1.0.tgz
43 http fetch 200 https://registry.npmjs.org/cordova/-/cordova-7.1.0.tgz
44 silly fetchAndShaCheck shasum 559f5394e64145c9b6dd81800feb658d5087b096
45 verbose addTmpTarball /var/folders/t2/rxyt0_c508zgd0l_t9qf5p4c0000gn/T/npm-2088-a883f225/registry.npmjs.org/cordova/-/cordova-7.1.0.tgz not in flight; adding
46 verbose addTmpTarball already have metadata; skipping unpack for cordova@7.1.0
47 verbose correctMkdir /Users/mohityadav/.npm correctMkdir not in flight; initializing
48 silly cache afterAdd cordova@7.1.0
49 verbose afterAdd /Users/mohityadav/.npm/cordova/7.1.0/package/package.json not in flight; writing
50 verbose correctMkdir /Users/mohityadav/.npm correctMkdir not in flight; initializing
51 verbose afterAdd /Users/mohityadav/.npm/cordova/7.1.0/package/package.json written
52 silly install resolved [ { name: 'cordova',
52 silly install resolved     version: '7.1.0',
52 silly install resolved     preferGlobal: true,
52 silly install resolved     description: 'Cordova command line interface tool',
52 silly install resolved     main: 'cordova',
52 silly install resolved     engines: { node: '>=4.0.0' },
52 silly install resolved     bin: { cordova: './bin/cordova' },
52 silly install resolved     scripts:
52 silly install resolved      { test: 'npm run eslint && npm run jasmine',
52 silly install resolved        eslint: 'eslint spec  && eslint src',
52 silly install resolved        cover: 'istanbul cover --root src --print detail jasmine',
52 silly install resolved        jasmine: 'jasmine' },
52 silly install resolved     repository:
52 silly install resolved      { type: 'git',
52 silly install resolved        url: 'git+https://github.com/apache/cordova-cli.git' },
52 silly install resolved     bugs:
52 silly install resolved      { url: 'https://issues.apache.org/jira/browse/CB',
52 silly install resolved        email: 'dev@cordova.apache.org' },
52 silly install resolved     keywords: [ 'cordova', 'client', 'cli' ],
52 silly install resolved     dependencies:
52 silly install resolved      { configstore: '2.1.0',
52 silly install resolved        'cordova-common': '2.1.1',
52 silly install resolved        'cordova-lib': '7.1.0',
52 silly install resolved        editor: '1.0.0',
52 silly install resolved        insight: '0.8.2',
52 silly install resolved        nopt: '3.0.1',
52 silly install resolved        q: '1.0.1',
52 silly install resolved        'update-notifier': '0.5.0' },
52 silly install resolved     devDependencies:
52 silly install resolved      { eslint: '^4.0.0',
52 silly install resolved        'eslint-config-semistandard': '^11.0.0',
52 silly install resolved        'eslint-config-standard': '^10.2.1',
52 silly install resolved        'eslint-plugin-import': '^2.3.0',
52 silly install resolved        'eslint-plugin-node': '^5.0.0',
52 silly install resolved        'eslint-plugin-promise': '^3.5.0',
52 silly install resolved        'eslint-plugin-standard': '^3.0.1',
52 silly install resolved        istanbul: '^0.4.5',
52 silly install resolved        jasmine: '^2.5.2',
52 silly install resolved        rewire: '^2.5.2' },
52 silly install resolved     author: { name: 'Anis Kadri' },
52 silly install resolved     contributors:
52 silly install resolved      [ [Object],
52 silly install resolved        [Object],
52 silly install resolved        [Object],
52 silly install resolved        [Object],
52 silly install resolved        [Object],
52 silly install resolved        [Object],
52 silly install resolved        [Object],
52 silly install resolved        [Object],
52 silly install resolved        [Object],
52 silly install resolved        [Object],
52 silly install resolved        [Object],
52 silly install resolved        [Object],
52 silly install resolved        [Object],
52 silly install resolved        [Object],
52 silly install resolved        [Object],
52 silly install resolved        [Object],
52 silly install resolved        [Object],
52 silly install resolved        [Object],
52 silly install resolved        [Object],
52 silly install resolved        [Object],
52 silly install resolved        [Object],
52 silly install resolved        [Object],
52 silly install resolved        [Object],
52 silly install resolved        [Object] ],
52 silly install resolved     license: 'Apache-2.0',
52 silly install resolved     homepage: 'https://github.com/apache/cordova-cli#readme',
52 silly install resolved     _id: 'cordova@7.1.0',
52 silly install resolved     _shasum: '559f5394e64145c9b6dd81800feb658d5087b096',
52 silly install resolved     _resolved: 'https://registry.npmjs.org/cordova/-/cordova-7.1.0.tgz',
52 silly install resolved     _from: 'cordova@latest',
52 silly install resolved     _npmVersion: '4.6.1',
52 silly install resolved     _nodeVersion: '6.6.0',
52 silly install resolved     _npmUser: { name: 'stevegill', email: 'stevengill97@gmail.com' },
52 silly install resolved     dist:
52 silly install resolved      { shasum: '559f5394e64145c9b6dd81800feb658d5087b096',
52 silly install resolved        tarball: 'https://registry.npmjs.org/cordova/-/cordova-7.1.0.tgz' },
52 silly install resolved     maintainers:
52 silly install resolved      [ [Object],
52 silly install resolved        [Object],
52 silly install resolved        [Object],
52 silly install resolved        [Object],
52 silly install resolved        [Object],
52 silly install resolved        [Object],
52 silly install resolved        [Object],
52 silly install resolved        [Object],
52 silly install resolved        [Object],
52 silly install resolved        [Object],
52 silly install resolved        [Object],
52 silly install resolved        [Object],
52 silly install resolved        [Object],
52 silly install resolved        [Object],
52 silly install resolved        [Object],
52 silly install resolved        [Object],
52 silly install resolved        [Object],
52 silly install resolved        [Object],
52 silly install resolved        [Object] ],
52 silly install resolved     _npmOperationalInternal:
52 silly install resolved      { host: 's3://npm-registry-packages',
52 silly install resolved        tmp: 'tmp/cordova-7.1.0.tgz_1507594440678_0.5229084584861994' },
52 silly install resolved     directories: {} } ]
53 info install cordova@7.1.0 into /usr/local/lib
54 info installOne cordova@7.1.0
55 verbose installOne of cordova to /usr/local/lib not in flight; installing
56 verbose correctMkdir /Users/mohityadav/.npm/_locks correctMkdir not in flight; initializing
57 verbose lock using /Users/mohityadav/.npm/_locks/cordova-fa12e2e096426a32.lock for /usr/local/lib/node_modules/cordova
58 silly install write writing cordova 7.1.0 to /usr/local/lib/node_modules/cordova
59 verbose unbuild lib/node_modules/cordova
60 info preuninstall cordova@7.0.1
61 info uninstall cordova@7.0.1
62 verbose unbuild rmStuff cordova@7.0.1 from /usr/local/lib/node_modules
63 silly gentlyRm /usr/local/bin/cordova is being gently removed
64 silly gentlyRm verifying /usr/local is an npm working directory
65 silly gentlyRm containing path /usr/local is under npm's control, in /usr/local
66 silly gentlyRm deletion target /usr/local/bin/cordova is under /usr/local
67 verbose gentlyRm vacuuming from /usr/local/bin/cordova up to /usr/local
68 silly vacuum-fs removing /usr/local/bin/cordova
69 silly vacuum-fs quitting because other entries in /usr/local/bin
70 info postuninstall cordova@7.0.1
71 silly gentlyRm /usr/local/lib/node_modules/cordova is being purged from base /usr/local
72 verbose gentlyRm don't care about contents; nuking /usr/local/lib/node_modules/cordova
73 silly vacuum-fs purging /usr/local/lib/node_modules/cordova
74 verbose unlock done using /Users/mohityadav/.npm/_locks/cordova-fa12e2e096426a32.lock for /usr/local/lib/node_modules/cordova
75 verbose stack Error: EACCES: permission denied, rmdir '/usr/local/lib/node_modules/cordova'
75 verbose stack     at Error (native)
76 verbose cwd /Users/mohityadav/Google Drive/studies/projects/git_projects/memories_of_the_future/app/pinpoint
77 error Darwin 15.6.0
78 error argv "/usr/local/bin/node" "/usr/local/bin/npm" "install" "-g" "cordova"
79 error node v5.8.0
80 error npm  v2.15.9
81 error path /usr/local/lib/node_modules/cordova
82 error code EACCES
83 error errno -13
84 error syscall rmdir
85 error Error: EACCES: permission denied, rmdir '/usr/local/lib/node_modules/cordova'
85 error     at Error (native)
85 error  { [Error: EACCES: permission denied, rmdir '/usr/local/lib/node_modules/cordova']
85 error   errno: -13,
85 error   code: 'EACCES',
85 error   syscall: 'rmdir',
85 error   path: '/usr/local/lib/node_modules/cordova' }
86 error Please try running this command again as root/Administrator.
87 verbose exit [ -13, true ]
88 verbose unbuild lib/node_modules/cordova
89 info preuninstall cordova@7.0.1
90 info uninstall cordova@7.0.1
91 verbose unbuild rmStuff cordova@7.0.1 from /usr/local/lib/node_modules
92 silly gentlyRm /usr/local/bin/cordova is being gently removed
93 silly gentlyRm verifying /usr/local is an npm working directory
94 silly gentlyRm containing path /usr/local is under npm's control, in /usr/local
95 silly gentlyRm deletion target /usr/local/bin/cordova is under /usr/local
96 verbose gentlyRm vacuuming from /usr/local/bin/cordova up to /usr/local
97 info postuninstall cordova@7.0.1
98 silly gentlyRm /usr/local/lib/node_modules/cordova is being purged from base /usr/local
99 verbose gentlyRm don't care about contents; nuking /usr/local/lib/node_modules/cordova
100 silly vacuum-fs purging /usr/local/lib/node_modules/cordova
101 error error rolling back Error: EACCES: permission denied, rmdir '/usr/local/lib/node_modules/cordova'
101 error error rolling back     at Error (native)
101 error error rolling back  { [Error: EACCES: permission denied, rmdir '/usr/local/lib/node_modules/cordova']
101 error error rolling back   errno: -13,
101 error error rolling back   code: 'EACCES',
101 error error rolling back   syscall: 'rmdir',
101 error error rolling back   path: '/usr/local/lib/node_modules/cordova' }
